<?xml version="1.0" encoding="UTF-8"?>
<!-- Generated by org.testng.reporters.JUnitReportReporter -->
<testsuite skipped="0" hostname="BDC8-LX-016H7L5" name="com.intBanking.testCases.TC_AddCustomerTest_003" tests="1" failures="0" timestamp="2024-01-12T15:29:13 IST" time="43.698" errors="0">
  <testcase name="addNewCustomer" time="43.698" classname="com.intBanking.testCases.TC_AddCustomerTest_003"/>
  <system-out/>
</testsuite> <!-- com.intBanking.testCases.TC_AddCustomerTest_003 -->
